[2022-11-05 20:31:50] initialMenu  | 60202064 
[2022-11-05 20:31:50] showMenu     | 60202064 
[2022-11-05 20:31:51] showData     | 60202064 
[2022-11-05 20:31:51] showMenu     | 60202064 
[2022-11-05 20:33:14] login        | null 
[2022-11-05 20:33:20] initialMenu  | 20100123 
[2022-11-05 20:33:20] showMenu     | 20100123 
[2022-11-05 20:33:21] showMenu     | 20100123 
[2022-11-05 20:42:35] login        | null 
[2022-11-05 20:42:40] initialMenu  | 60202064 
[2022-11-05 20:42:40] showMenu     | 60202064 
[2022-11-05 20:42:41] showData     | 60202064 
[2022-11-05 20:42:41] showMenu     | 60202064 
[2022-11-05 20:48:06] login        | null 
[2022-11-05 20:48:10] initialMenu  | 60202064 
[2022-11-05 20:48:10] showMenu     | 60202064 
[2022-11-05 20:48:10] showData     | 60202064 
[2022-11-05 20:48:10] showMenu     | 60202064 
[2022-11-05 22:29:48] login                | null 
[2022-11-05 22:29:54] initialMenu          | 60202064 
[2022-11-05 22:29:54] showMenu             | 60202064 
[2022-11-05 22:29:56] showData             | 60202064 
[2022-11-05 22:29:56] showMenu             | 60202064 
[2022-11-05 22:30:00] deleteStudent        | 60202064 
[2022-11-05 22:30:01] showMenu             | 60202064 
[2022-11-05 22:30:07] showData             | 60202064 
[2022-11-05 22:30:07] showMenu             | 60202064 
[2022-11-06 00:11:19] login                | null 
[2022-11-06 00:11:24] initialMenu          | YRvlnbTEG4HVCG6KEAS2Lw== 
[2022-11-06 00:11:24] showMenu             | YRvlnbTEG4HVCG6KEAS2Lw== 
[2022-11-06 00:11:26] showData             | YRvlnbTEG4HVCG6KEAS2Lw== 
[2022-11-06 00:11:26] showMenu             | YRvlnbTEG4HVCG6KEAS2Lw== 
[2022-11-06 00:11:57] login                | null 
[2022-11-06 00:13:58] login                | null 
[2022-11-06 00:15:19] login                | null 
[2022-11-06 00:15:55] login                | null 
[2022-11-06 00:16:26] login                | null 
[2022-11-06 00:16:29] login                | null 
[2022-11-06 00:26:35] login                | null 
[2022-11-06 00:28:36] login                | null 
[2022-11-06 00:39:35] login                | null 
[2022-11-06 00:40:53] login                | null 
[2022-11-06 00:41:10] login                | null 
[2022-11-06 00:41:16] initialMenu          | 60202064 
[2022-11-06 00:41:16] showMenu             | 60202064 
[2022-11-06 00:45:01] login                | null 
[2022-11-06 00:45:03] login                | null 
[2022-11-06 00:45:05] login                | null 
[2022-11-06 00:45:43] login                | null 
[2022-11-06 00:45:46] login                | null 
[2022-11-06 00:45:49] initialMenu          | 60202064 
[2022-11-06 00:45:49] showMenu             | 60202064 
[2022-11-06 00:57:17] login                | null 
[2022-11-06 00:57:21] initialMenu          | 60202064 
[2022-11-06 00:57:21] showMenu             | 60202064 
[2022-11-06 00:57:21] showData             | 60202064 
[2022-11-06 00:57:22] showMenu             | 60202064 
[2022-11-06 01:17:39] login                | null 
[2022-11-06 01:17:42] login                | null 
[2022-11-06 01:17:47] initialMenu          | 60202064 
[2022-11-06 01:17:48] showMenu             | 60202064 
[2022-11-06 01:17:48] showData             | 60202064 
[2022-11-06 01:17:48] showMenu             | 60202064 
[2022-11-06 01:24:24] login                | null 
[2022-11-06 01:24:28] initialMenu          | 60202064 
[2022-11-06 01:24:28] showMenu             | 60202064 
[2022-11-06 01:24:29] showData             | 60202064 
[2022-11-06 01:24:29] showMenu             | 60202064 
[2022-11-06 01:24:32] addStudent           | 60202064 
[2022-11-06 01:24:34] showMenu             | 60202064 
[2022-11-06 01:24:36] showData             | 60202064 
[2022-11-06 01:24:36] showMenu             | 60202064 
[2022-11-06 01:24:39] deleteStudent        | 60202064 
[2022-11-06 01:24:39] showMenu             | 60202064 
[2022-11-06 01:24:40] showData             | 60202064 
[2022-11-06 01:24:40] showMenu             | 60202064 
[2022-11-06 01:24:42] showData             | 60202064 
[2022-11-06 01:24:42] showMenu             | 60202064 
[2022-11-06 01:24:45] showData             | 60202064 
[2022-11-06 01:24:45] showMenu             | 60202064 
[2022-11-06 01:24:49] registerCourse       | 60202064 
[2022-11-06 01:24:49] showData             | 60202064 
[2022-11-06 01:24:52] showMenu             | 60202064 
[2022-11-06 01:24:59] registerCourse       | 60202064 
[2022-11-06 01:24:59] showData             | 60202064 
[2022-11-06 01:53:05] login                | null 
[2022-11-06 01:53:14] login                | null 
[2022-11-06 01:54:56] login                | null 
[2022-11-06 01:55:00] login                | null 
[2022-11-06 01:55:05] initialMenu          | 20100123 
[2022-11-06 01:55:05] showMenu             | 20100123 
[2022-11-06 01:55:06] showData             | 20100123 
[2022-11-06 01:55:06] showMenu             | 20100123 
[2022-11-06 01:55:08] showData             | 20100123 
[2022-11-06 01:55:08] showMenu             | 20100123 
[2022-11-06 01:55:12] addStudent           | 20100123 
[2022-11-06 01:55:14] showMenu             | 20100123 
[2022-11-06 01:55:18] registerCourse       | 20100123 
[2022-11-06 01:55:18] showData             | 20100123 
[2022-11-06 01:55:18] showMenu             | 20100123 
[2022-11-06 01:55:18] showData             | 20100123 
[2022-11-06 01:55:18] showMenu             | 20100123 
[2022-11-06 01:55:19] showMenu             | 20100123 
[2022-11-06 01:55:23] registerCourse       | 20100123 
[2022-11-06 01:55:23] showData             | 20100123 
