[2022-11-06 01:24:34] decipherToken        | 60202064 
[2022-11-06 01:24:36] decipherToken        | 60202064 
[2022-11-06 01:24:36] getAllStudentData    | 60202064 
[2022-11-06 01:24:36] decipherToken        | 60202064 
[2022-11-06 01:24:36] decipherToken        | 60202064 
[2022-11-06 01:24:36] decipherToken        | 60202064 
[2022-11-06 01:24:39] decipherToken        | 60202064 
[2022-11-06 01:24:39] decipherToken        | 60202064 
[2022-11-06 01:24:39] deleteStudent        | 60202064 
[2022-11-06 01:24:39] decipherToken        | 60202064 
[2022-11-06 01:24:39] decipherToken        | 60202064 
[2022-11-06 01:24:39] decipherToken        | 60202064 
[2022-11-06 01:24:40] decipherToken        | 60202064 
[2022-11-06 01:24:40] getAllStudentData    | 60202064 
[2022-11-06 01:24:40] decipherToken        | 60202064 
[2022-11-06 01:24:40] decipherToken        | 60202064 
[2022-11-06 01:24:40] decipherToken        | 60202064 
[2022-11-06 01:24:42] decipherToken        | 60202064 
[2022-11-06 01:24:42] getAllCourseData     | 60202064 
[2022-11-06 01:24:42] decipherToken        | 60202064 
[2022-11-06 01:24:42] decipherToken        | 60202064 
[2022-11-06 01:24:42] decipherToken        | 60202064 
[2022-11-06 01:24:45] decipherToken        | 60202064 
[2022-11-06 01:24:45] getAllRegistrationData | 60202064 
[2022-11-06 01:24:45] decipherToken        | 60202064 
[2022-11-06 01:24:45] decipherToken        | 60202064 
[2022-11-06 01:24:45] decipherToken        | 60202064 
[2022-11-06 01:24:49] decipherToken        | 60202064 
[2022-11-06 01:24:49] decipherToken        | 60202064 
[2022-11-06 01:24:49] getAllCourseData     | 60202064 
[2022-11-06 01:24:49] decipherToken        | 60202064 
[2022-11-06 01:24:49] decipherToken        | 60202064 
[2022-11-06 01:24:52] decipherToken        | 60202064 
[2022-11-06 01:24:52] registerCourse       | 60202064 
[2022-11-06 01:24:52] decipherToken        | 60202064 
[2022-11-06 01:24:52] decipherToken        | 60202064 
[2022-11-06 01:24:52] decipherToken        | 60202064 
[2022-11-06 01:24:52] decipherToken        | 60202064 
[2022-11-06 01:24:52] decipherToken        | 60202064 
[2022-11-06 01:24:52] decipherToken        | 60202064 
[2022-11-06 01:24:59] decipherToken        | 60202064 
[2022-11-06 01:24:59] decipherToken        | 60202064 
[2022-11-06 01:24:59] getAllCourseData     | 60202064 
[2022-11-06 01:24:59] decipherToken        | 60202064 
[2022-11-06 01:24:59] decipherToken        | 60202064 
[2022-11-06 01:25:02] decipherToken        | 60202064 
[2022-11-06 01:25:02] registerCourse       | 60202064 
[2022-11-06 01:25:02] decipherToken        | 60202064 
[2022-11-06 01:25:02] decipherToken        | 60202064 
[2022-11-06 01:25:02] decipherToken        | 60202064 
[2022-11-06 01:25:02] decipherToken        | 60202064 
[2022-11-06 01:25:02] decipherToken        | 60202064 
[2022-11-06 01:53:14] findStudent          | null 
[2022-11-06 01:53:14] login                | null 
[2022-11-06 01:53:19] findStudent          | null 
[2022-11-06 01:53:19] login                | null 
[2022-11-06 01:55:00] findStudent          | null 
[2022-11-06 01:55:00] login                | null 
[2022-11-06 01:55:05] findStudent          | null 
[2022-11-06 01:55:05] login                | null 
[2022-11-06 01:55:05] createToken          | 20100123 
[2022-11-06 01:55:05] decipherToken        | 20100123 
[2022-11-06 01:55:05] decipherToken        | 20100123 
[2022-11-06 01:55:06] decipherToken        | 20100123 
[2022-11-06 01:55:06] getAllStudentData    | 20100123 
[2022-11-06 01:55:06] decipherToken        | 20100123 
[2022-11-06 01:55:06] decipherToken        | 20100123 
[2022-11-06 01:55:06] decipherToken        | 20100123 
[2022-11-06 01:55:08] decipherToken        | 20100123 
[2022-11-06 01:55:08] getAllCourseData     | 20100123 
[2022-11-06 01:55:08] decipherToken        | 20100123 
[2022-11-06 01:55:08] decipherToken        | 20100123 
[2022-11-06 01:55:08] decipherToken        | 20100123 
[2022-11-06 01:55:12] decipherToken        | 20100123 
[2022-11-06 01:55:14] decipherToken        | 20100123 
[2022-11-06 01:55:14] addStudent           | 20100123 
[2022-11-06 01:55:14] decipherToken        | 20100123 
[2022-11-06 01:55:14] decipherToken        | 20100123 
[2022-11-06 01:55:18] decipherToken        | 20100123 
[2022-11-06 01:55:18] decipherToken        | 20100123 
[2022-11-06 01:55:18] getAllCourseData     | 20100123 
[2022-11-06 01:55:18] decipherToken        | 20100123 
[2022-11-06 01:55:18] decipherToken        | 20100123 
[2022-11-06 01:55:18] decipherToken        | 20100123 
[2022-11-06 01:55:18] registerCourse       | 20100123 
[2022-11-06 01:55:18] decipherToken        | 20100123 
[2022-11-06 01:55:18] decipherToken        | 20100123 
[2022-11-06 01:55:18] decipherToken        | 20100123 
[2022-11-06 01:55:18] decipherToken        | 20100123 
[2022-11-06 01:55:18] getAllStudentData    | 20100123 
[2022-11-06 01:55:18] decipherToken        | 20100123 
[2022-11-06 01:55:18] decipherToken        | 20100123 
[2022-11-06 01:55:18] decipherToken        | 20100123 
[2022-11-06 01:55:19] decipherToken        | 20100123 
[2022-11-06 01:55:23] decipherToken        | 20100123 
[2022-11-06 01:55:23] decipherToken        | 20100123 
[2022-11-06 01:55:23] getAllCourseData     | 20100123 
[2022-11-06 01:55:23] decipherToken        | 20100123 
[2022-11-06 01:55:23] decipherToken        | 20100123 
[2022-11-06 01:55:30] decipherToken        | 20100123 
[2022-11-06 01:55:30] registerCourse       | 20100123 
[2022-11-06 01:55:30] decipherToken        | 20100123 
[2022-11-06 01:55:30] decipherToken        | 20100123 
[2022-11-06 01:55:30] decipherToken        | 20100123 
[2022-11-06 01:55:30] decipherToken        | 20100123 
[2022-11-06 01:55:30] decipherToken        | 20100123 
[2022-11-06 02:02:45] findStudent          | null 
[2022-11-06 02:02:46] login                | null 
[2022-11-06 02:02:46] createToken          | 60202064 
[2022-11-06 02:02:46] decipherToken        | 60202064 
[2022-11-06 02:02:46] decipherToken        | 60202064 
[2022-11-06 02:08:27] findStudent          | null 
[2022-11-06 02:08:33] findStudent          | null 
[2022-11-06 02:08:33] login                | null 
[2022-11-06 02:08:33] createToken          | 60202064 
[2022-11-06 02:08:33] decipherToken        | 60202064 
[2022-11-06 02:08:33] decipherToken        | 60202064 
[2022-11-06 02:25:33] login                | null 
[2022-11-06 02:25:33] createToken          | 60202064 
[2022-11-06 02:25:33] decipherToken        | 60202064 
[2022-11-06 02:25:33] decipherToken        | 60202064 
[2022-11-06 02:25:35] decipherToken        | 60202064 
[2022-11-06 02:26:11] login                | null 
[2022-11-06 02:26:15] login                | null 
[2022-11-06 04:19:06] login                | null 
[2022-11-06 04:19:19] login                | null 
[2022-11-06 04:19:20] login                | null 
[2022-11-06 04:19:55] login                | null 
[2022-11-06 04:20:28] login                | null 
[2022-11-06 04:20:28] createToken          | 60202064 
[2022-11-06 04:20:28] decipherToken        | 60202064 
[2022-11-06 04:20:28] decipherToken        | 60202064 
[2022-11-06 04:20:29] decipherToken        | 60202064 
[2022-11-06 04:20:29] getAllStudentData    | 60202064 
[2022-11-06 04:20:29] decipherToken        | 60202064 
[2022-11-06 04:20:29] decipherToken        | 60202064 
[2022-11-06 04:20:29] decipherToken        | 60202064 
[2022-11-06 04:20:31] decipherToken        | 60202064 
[2022-11-06 04:20:33] decipherToken        | 60202064 
[2022-11-06 04:20:33] addStudent           | 60202064 
[2022-11-06 04:20:33] decipherToken        | 60202064 
[2022-11-06 04:20:33] decipherToken        | 60202064 
[2022-11-06 04:23:24] login                | null 
[2022-11-06 04:23:24] createToken          | 60202064 
[2022-11-06 04:23:24] decipherToken        | 60202064 
[2022-11-06 04:23:24] decipherToken        | 60202064 
[2022-11-06 04:23:25] decipherToken        | 60202064 
[2022-11-06 04:23:25] getAllStudentData    | 60202064 
[2022-11-06 04:23:25] decipherToken        | 60202064 
[2022-11-06 04:23:25] decipherToken        | 60202064 
[2022-11-06 04:23:25] decipherToken        | 60202064 
[2022-11-06 04:23:30] decipherToken        | 60202064 
[2022-11-06 04:23:30] getAllCourseData     | 60202064 
[2022-11-06 04:23:30] decipherToken        | 60202064 
[2022-11-06 04:23:30] decipherToken        | 60202064 
[2022-11-06 04:23:30] decipherToken        | 60202064 
[2022-11-06 04:23:33] decipherToken        | 60202064 
[2022-11-06 04:23:33] getAllRegistrationData | 60202064 
[2022-11-06 04:23:33] decipherToken        | 60202064 
[2022-11-06 04:23:33] decipherToken        | 60202064 
[2022-11-06 04:24:10] login                | null 
[2022-11-06 04:24:10] createToken          | 60202064 
[2022-11-06 04:24:10] decipherToken        | 60202064 
[2022-11-06 04:24:10] decipherToken        | 60202064 
[2022-11-06 04:24:12] decipherToken        | 60202064 
[2022-11-06 04:24:12] getAllRegistrationData | 60202064 
[2022-11-06 04:24:12] decipherToken        | 60202064 
[2022-11-06 04:24:12] decipherToken        | 60202064 
[2022-11-06 04:24:46] login                | null 
[2022-11-06 04:24:46] createToken          | 60202064 
[2022-11-06 04:24:46] decipherToken        | 60202064 
[2022-11-06 04:24:46] decipherToken        | 60202064 
[2022-11-06 04:24:48] decipherToken        | 60202064 
[2022-11-06 04:24:48] getAllRegistrationData | 60202064 
[2022-11-06 04:24:48] decipherToken        | 60202064 
[2022-11-06 04:24:48] decipherToken        | 60202064 
[2022-11-06 04:25:27] login                | null 
[2022-11-06 04:25:27] createToken          | 20100123 
[2022-11-06 04:25:27] decipherToken        | 20100123 
[2022-11-06 04:25:27] decipherToken        | 20100123 
[2022-11-06 04:25:28] decipherToken        | 20100123 
[2022-11-06 04:25:28] getAllRegistrationData | 20100123 
[2022-11-06 04:25:28] decipherToken        | 20100123 
[2022-11-06 04:25:28] decipherToken        | 20100123 
[2022-11-06 17:10:08] login                | null 
[2022-11-06 17:10:15] login                | null 
[2022-11-06 17:10:18] login                | null 
[2022-11-06 17:10:18] createToken          | 60202064 
[2022-11-06 17:10:18] decipherToken        | 60202064 
[2022-11-06 17:10:18] decipherToken        | 60202064 
[2022-11-06 17:10:19] decipherToken        | 60202064 
[2022-11-06 17:10:20] getAllStudentData    | 60202064 
[2022-11-06 17:10:20] decipherToken        | 60202064 
[2022-11-06 17:10:20] decipherToken        | 60202064 
[2022-11-06 17:10:20] decipherToken        | 60202064 
[2022-11-06 17:12:00] login                | null 
[2022-11-06 17:12:00] createToken          | 60202064 
[2022-11-06 17:12:00] decipherToken        | 60202064 
[2022-11-06 17:12:00] decipherToken        | 60202064 
[2022-11-06 17:12:05] decipherToken        | 60202064 
[2022-11-06 17:12:05] getAllRegistrationData | 60202064 
[2022-11-06 17:12:05] decipherToken        | 60202064 
[2022-11-06 17:12:05] decipherToken        | 60202064 
[2022-11-06 17:12:05] decipherToken        | 60202064 
[2022-11-06 17:19:18] login                | null 
[2022-11-06 17:19:18] createToken          | 60202064 
[2022-11-06 17:19:18] decipherToken        | 60202064 
[2022-11-06 17:19:18] decipherToken        | 60202064 
[2022-11-06 17:19:21] decipherToken        | 60202064 
[2022-11-06 17:19:21] decipherToken        | 60202064 
[2022-11-06 17:19:21] getAllCourseData     | 60202064 
[2022-11-06 17:19:21] decipherToken        | 60202064 
[2022-11-06 17:19:21] decipherToken        | 60202064 
[2022-11-06 17:19:24] decipherToken        | 60202064 
[2022-11-06 17:19:24] registerCourse       | 60202064 
[2022-11-06 17:19:24] decipherToken        | 60202064 
[2022-11-06 17:19:24] decipherToken        | 60202064 
[2022-11-06 17:19:24] decipherToken        | 60202064 
[2022-11-06 17:19:24] decipherToken        | 60202064 
[2022-11-06 17:19:24] decipherToken        | 60202064 
[2022-11-06 17:19:24] decipherToken        | 60202064 
[2022-11-06 17:19:30] decipherToken        | 60202064 
[2022-11-06 17:19:30] getAllRegistrationData | 60202064 
[2022-11-06 17:19:30] decipherToken        | 60202064 
[2022-11-06 17:19:30] decipherToken        | 60202064 
[2022-11-06 17:19:30] decipherToken        | 60202064 
[2022-11-06 17:20:41] login                | null 
[2022-11-06 17:20:41] createToken          | 60202064 
[2022-11-06 17:20:41] decipherToken        | 60202064 
[2022-11-06 17:20:41] decipherToken        | 60202064 
[2022-11-06 17:20:44] decipherToken        | 60202064 
[2022-11-06 17:20:44] decipherToken        | 60202064 
[2022-11-06 17:20:44] getAllCourseData     | 60202064 
[2022-11-06 17:20:44] decipherToken        | 60202064 
[2022-11-06 17:20:44] decipherToken        | 60202064 
[2022-11-06 17:20:47] decipherToken        | 60202064 
[2022-11-06 17:20:47] registerCourse       | 60202064 
[2022-11-06 17:20:47] decipherToken        | 60202064 
[2022-11-06 17:20:47] decipherToken        | 60202064 
[2022-11-06 17:20:47] decipherToken        | 60202064 
[2022-11-06 17:20:47] decipherToken        | 60202064 
[2022-11-06 17:20:47] decipherToken        | 60202064 
[2022-11-06 17:20:48] decipherToken        | 60202064 
[2022-11-06 17:20:50] decipherToken        | 60202064 
[2022-11-06 17:20:50] getAllRegistrationData | 60202064 
[2022-11-06 17:20:50] decipherToken        | 60202064 
[2022-11-06 17:20:50] decipherToken        | 60202064 
[2022-11-06 17:20:50] decipherToken        | 60202064 
[2022-11-06 17:24:11] login                | null 
[2022-11-06 17:24:16] login                | null 
[2022-11-06 17:24:16] createToken          | 60202064 
[2022-11-06 17:24:16] decipherToken        | 60202064 
[2022-11-06 17:24:16] decipherToken        | 60202064 
[2022-11-06 17:24:18] decipherToken        | 60202064 
[2022-11-06 17:24:18] getAllRegistrationData | 60202064 
[2022-11-06 17:24:18] decipherToken        | 60202064 
[2022-11-06 17:24:18] decipherToken        | 60202064 
[2022-11-06 17:24:18] decipherToken        | 60202064 
[2022-11-06 17:24:20] decipherToken        | 60202064 
[2022-11-06 17:24:20] decipherToken        | 60202064 
[2022-11-06 17:24:20] getAllCourseData     | 60202064 
[2022-11-06 17:24:20] decipherToken        | 60202064 
[2022-11-06 17:24:20] decipherToken        | 60202064 
[2022-11-06 17:24:23] decipherToken        | 60202064 
[2022-11-06 17:24:23] registerCourse       | 60202064 
[2022-11-06 17:24:23] decipherToken        | 60202064 
[2022-11-06 17:24:23] decipherToken        | 60202064 
[2022-11-06 17:24:23] decipherToken        | 60202064 
[2022-11-06 17:24:23] decipherToken        | 60202064 
[2022-11-06 17:24:23] decipherToken        | 60202064 
[2022-11-06 17:24:23] decipherToken        | 60202064 
[2022-11-06 17:24:28] decipherToken        | 60202064 
[2022-11-06 17:24:28] getAllRegistrationData | 60202064 
[2022-11-06 17:24:28] decipherToken        | 60202064 
[2022-11-06 17:24:28] decipherToken        | 60202064 
[2022-11-06 17:24:28] decipherToken        | 60202064 
[2022-11-06 17:26:39] login                | null 
[2022-11-06 17:26:43] login                | null 
[2022-11-06 17:26:43] createToken          | 60202064 
[2022-11-06 17:26:43] decipherToken        | 60202064 
[2022-11-06 17:26:43] decipherToken        | 60202064 
[2022-11-06 17:26:47] decipherToken        | 60202064 
[2022-11-06 17:26:47] decipherToken        | 60202064 
[2022-11-06 17:26:47] getAllCourseData     | 60202064 
[2022-11-06 17:26:47] decipherToken        | 60202064 
[2022-11-06 17:26:47] decipherToken        | 60202064 
[2022-11-06 17:26:49] decipherToken        | 60202064 
[2022-11-06 17:26:49] registerCourse       | 60202064 
[2022-11-06 17:26:49] decipherToken        | 60202064 
[2022-11-06 17:26:49] decipherToken        | 60202064 
[2022-11-06 17:26:49] decipherToken        | 60202064 
[2022-11-06 17:26:49] decipherToken        | 60202064 
[2022-11-06 17:26:49] decipherToken        | 60202064 
[2022-11-06 17:26:49] decipherToken        | 60202064 
[2022-11-06 17:33:54] login                | null 
[2022-11-06 17:33:54] createToken          | 60202064 
[2022-11-06 17:33:54] decipherToken        | 60202064 
[2022-11-06 17:33:54] decipherToken        | 60202064 
[2022-11-06 17:34:00] decipherToken        | 60202064 
[2022-11-06 17:34:01] decipherToken        | 60202064 
[2022-11-06 17:34:01] getAllCourseData     | 60202064 
[2022-11-06 17:34:01] decipherToken        | 60202064 
[2022-11-06 17:34:01] decipherToken        | 60202064 
[2022-11-06 17:34:03] decipherToken        | 60202064 
[2022-11-06 17:34:03] registerCourse       | 60202064 
[2022-11-06 17:34:03] decipherToken        | 60202064 
[2022-11-06 17:34:03] decipherToken        | 60202064 
[2022-11-06 17:34:04] decipherToken        | 60202064 
[2022-11-06 17:34:04] decipherToken        | 60202064 
[2022-11-06 17:34:04] decipherToken        | 60202064 
[2022-11-06 17:34:04] decipherToken        | 60202064 
[2022-11-06 17:34:06] decipherToken        | 60202064 
[2022-11-06 17:34:06] getAllRegistrationData | 60202064 
[2022-11-06 17:34:06] decipherToken        | 60202064 
[2022-11-06 17:34:06] decipherToken        | 60202064 
[2022-11-06 17:34:06] decipherToken        | 60202064 
[2022-11-06 17:36:02] login                | null 
[2022-11-06 17:36:02] createToken          | 60202064 
[2022-11-06 17:36:02] decipherToken        | 60202064 
[2022-11-06 17:36:02] decipherToken        | 60202064 
[2022-11-06 17:36:08] decipherToken        | 60202064 
[2022-11-06 17:36:08] decipherToken        | 60202064 
[2022-11-06 17:36:08] getAllCourseData     | 60202064 
[2022-11-06 17:36:08] decipherToken        | 60202064 
[2022-11-06 17:36:08] decipherToken        | 60202064 
[2022-11-06 17:36:12] decipherToken        | 60202064 
[2022-11-06 17:36:12] registerCourse       | 60202064 
[2022-11-06 17:36:12] decipherToken        | 60202064 
[2022-11-06 17:36:12] decipherToken        | 60202064 
[2022-11-06 17:36:12] decipherToken        | 60202064 
[2022-11-06 17:36:12] decipherToken        | 60202064 
[2022-11-06 17:36:12] decipherToken        | 60202064 
[2022-11-06 17:36:13] decipherToken        | 60202064 
[2022-11-06 17:36:35] decipherToken        | 60202064 
[2022-11-06 17:36:35] decipherToken        | 60202064 
[2022-11-06 17:36:35] getAllCourseData     | 60202064 
[2022-11-06 17:36:35] decipherToken        | 60202064 
[2022-11-06 17:36:35] decipherToken        | 60202064 
[2022-11-06 17:36:39] decipherToken        | 60202064 
[2022-11-06 17:36:39] registerCourse       | 60202064 
[2022-11-06 17:36:39] decipherToken        | 60202064 
[2022-11-06 17:36:39] decipherToken        | 60202064 
[2022-11-06 17:36:39] decipherToken        | 60202064 
[2022-11-06 17:36:39] decipherToken        | 60202064 
[2022-11-06 17:36:39] decipherToken        | 60202064 
[2022-11-06 17:36:39] decipherToken        | 60202064 
[2022-11-06 17:36:42] decipherToken        | 60202064 
[2022-11-06 17:36:42] getAllRegistrationData | 60202064 
[2022-11-06 17:36:42] decipherToken        | 60202064 
[2022-11-06 17:36:42] decipherToken        | 60202064 
[2022-11-06 17:36:42] decipherToken        | 60202064 
[2022-11-06 17:41:07] login                | null 
[2022-11-06 17:41:07] createToken          | 60202064 
[2022-11-06 17:41:07] decipherToken        | 60202064 
[2022-11-06 17:41:07] decipherToken        | 60202064 
[2022-11-06 17:41:09] decipherToken        | 60202064 
[2022-11-06 17:41:09] getAllRegistrationData | 60202064 
[2022-11-06 17:41:09] decipherToken        | 60202064 
[2022-11-06 17:41:09] decipherToken        | 60202064 
[2022-11-06 17:41:09] decipherToken        | 60202064 
[2022-11-06 19:32:08] login                | null 
[2022-11-06 19:32:08] createToken          | 60202064 
[2022-11-06 19:32:08] decipherToken        | 60202064 
[2022-11-06 19:32:08] decipherToken        | 60202064 
[2022-11-06 19:33:21] login                | null 
[2022-11-06 19:33:56] login                | null 
[2022-11-06 19:42:57] login                | null 
[2022-11-06 19:42:57] createToken          | 60202064 
[2022-11-06 19:42:57] decipherToken        | 60202064 
[2022-11-06 19:42:57] decipherToken        | 60202064 
[2022-11-06 19:42:59] decipherToken        | 60202064 
[2022-11-06 19:42:59] getAllStudentData    | 60202064 
[2022-11-06 19:42:59] decipherToken        | 60202064 
[2022-11-06 19:42:59] decipherToken        | 60202064 
[2022-11-06 19:42:59] decipherToken        | 60202064 
[2022-11-06 19:43:06] decipherToken        | 60202064 
[2022-11-06 19:43:08] decipherToken        | 60202064 
[2022-11-06 19:43:08] deleteStudent        | 60202064 
[2022-11-06 19:43:08] decipherToken        | 60202064 
[2022-11-06 19:43:08] decipherToken        | 60202064 
[2022-11-06 19:43:08] decipherToken        | 60202064 
[2022-11-06 19:43:11] decipherToken        | 60202064 
[2022-11-06 19:43:11] getAllStudentData    | 60202064 
[2022-11-06 19:43:11] decipherToken        | 60202064 
[2022-11-06 19:43:11] decipherToken        | 60202064 
[2022-11-06 19:43:11] decipherToken        | 60202064 
[2022-11-06 19:53:10] decipherToken        | 60202064 
[2022-11-06 19:54:12] decipherToken        | 60202064 
[2022-11-06 19:54:12] addStudent           | 60202064 
[2022-11-06 19:54:12] decipherToken        | 60202064 
[2022-11-06 19:54:12] decipherToken        | 60202064 
[2022-11-06 19:54:12] decipherToken        | 60202064 
[2022-11-06 19:54:16] decipherToken        | 60202064 
[2022-11-06 19:54:16] getAllStudentData    | 60202064 
[2022-11-06 19:54:16] decipherToken        | 60202064 
[2022-11-06 19:54:16] decipherToken        | 60202064 
[2022-11-06 19:54:16] decipherToken        | 60202064 
[2022-11-06 19:54:43] decipherToken        | 60202064 
[2022-11-06 19:55:02] decipherToken        | 60202064 
[2022-11-06 19:55:02] addStudent           | 60202064 
[2022-11-06 19:55:02] decipherToken        | 60202064 
[2022-11-06 19:55:02] decipherToken        | 60202064 
[2022-11-06 20:49:37] login                | null 
[2022-11-06 20:49:37] createToken          | 60202064 
[2022-11-06 20:49:37] decipherToken        | 60202064 
[2022-11-06 20:49:37] decipherToken        | 60202064 
[2022-11-06 20:49:41] decipherToken        | 60202064 
[2022-11-06 20:49:46] decipherToken        | 60202064 
[2022-11-06 20:49:46] deleteStudent        | 60202064 
[2022-11-06 20:49:46] decipherToken        | 60202064 
[2022-11-06 20:49:46] decipherToken        | 60202064 
[2022-11-06 20:50:01] decipherToken        | 60202064 
[2022-11-06 20:50:07] decipherToken        | 60202064 
[2022-11-06 20:50:07] deleteStudent        | 60202064 
[2022-11-06 20:50:07] decipherToken        | 60202064 
[2022-11-06 20:50:08] decipherToken        | 60202064 
[2022-11-06 20:50:08] decipherToken        | 60202064 
[2022-11-06 20:58:21] decipherToken        | 60202064 
[2022-11-06 20:58:21] getAllCourseData     | 60202064 
[2022-11-06 20:58:21] decipherToken        | 60202064 
[2022-11-06 20:58:21] decipherToken        | 60202064 
[2022-11-06 20:58:21] decipherToken        | 60202064 
[2022-11-06 21:02:08] decipherToken        | 60202064 
[2022-11-06 21:02:31] decipherToken        | 60202064 
[2022-11-06 21:02:31] decipherToken        | 60202064 
[2022-11-06 21:02:31] addCourse            | 60202064 
[2022-11-06 21:02:31] decipherToken        | 60202064 
[2022-11-06 21:02:31] decipherToken        | 60202064 
[2022-11-06 21:02:47] decipherToken        | 60202064 
[2022-11-06 21:02:54] decipherToken        | 60202064 
[2022-11-06 21:02:54] decipherToken        | 60202064 
[2022-11-06 21:07:58] decipherToken        | 60202064 
[2022-11-06 21:08:06] decipherToken        | 60202064 
[2022-11-06 21:08:06] deleteCourse         | 60202064 
[2022-11-06 21:08:06] decipherToken        | 60202064 
[2022-11-06 21:08:06] decipherToken        | 60202064 
[2022-11-06 21:08:06] decipherToken        | 60202064 
[2022-11-06 21:08:12] decipherToken        | 60202064 
[2022-11-06 21:08:14] decipherToken        | 60202064 
[2022-11-06 21:08:14] deleteCourse         | 60202064 
[2022-11-06 21:08:14] decipherToken        | 60202064 
[2022-11-06 21:08:14] decipherToken        | 60202064 
[2022-11-06 21:29:09] decipherToken        | 60202064 
[2022-11-06 21:29:09] decipherToken        | 60202064 
[2022-11-06 21:29:09] getAllCourseData     | 60202064 
[2022-11-06 21:29:09] decipherToken        | 60202064 
[2022-11-06 21:29:09] decipherToken        | 60202064 
[2022-11-06 21:29:14] decipherToken        | 60202064 
[2022-11-06 21:29:14] registerCourse       | 60202064 
[2022-11-06 21:29:14] decipherToken        | 60202064 
[2022-11-06 21:29:14] decipherToken        | 60202064 
[2022-11-06 21:29:14] decipherToken        | 60202064 
[2022-11-06 21:29:14] decipherToken        | 60202064 
[2022-11-06 21:29:14] decipherToken        | 60202064 
[2022-11-06 21:29:14] decipherToken        | 60202064 
[2022-11-06 21:29:17] decipherToken        | 60202064 
[2022-11-06 21:29:17] getAllRegistrationData | 60202064 
[2022-11-06 21:29:17] decipherToken        | 60202064 
[2022-11-06 21:29:17] decipherToken        | 60202064 
[2022-11-06 21:29:17] decipherToken        | 60202064 
[2022-11-06 21:31:34] decipherToken        | 60202064 
[2022-11-06 21:35:19] login                | null 
[2022-11-06 21:35:20] createToken          | 60202064 
[2022-11-06 21:35:20] decipherToken        | 60202064 
[2022-11-06 21:35:20] decipherToken        | 60202064 
[2022-11-06 21:35:23] decipherToken        | 60202064 
[2022-11-06 21:35:23] decipherToken        | 60202064 
[2022-11-06 21:35:23] getAllCourseData     | 60202064 
[2022-11-06 21:35:23] decipherToken        | 60202064 
[2022-11-06 21:35:23] decipherToken        | 60202064 
[2022-11-06 21:35:30] decipherToken        | 60202064 
[2022-11-06 21:35:30] registerCourse       | 60202064 
[2022-11-06 21:35:30] decipherToken        | 60202064 
[2022-11-06 21:35:30] decipherToken        | 60202064 
[2022-11-06 21:35:30] decipherToken        | 60202064 
[2022-11-06 21:35:30] decipherToken        | 60202064 
[2022-11-06 21:35:30] decipherToken        | 60202064 
[2022-11-06 21:35:30] decipherToken        | 60202064 
[2022-11-06 21:35:35] decipherToken        | 60202064 
[2022-11-06 21:35:35] decipherToken        | 60202064 
[2022-11-06 21:35:35] getAllCourseData     | 60202064 
[2022-11-06 21:35:35] decipherToken        | 60202064 
[2022-11-06 21:35:35] decipherToken        | 60202064 
[2022-11-06 21:35:37] decipherToken        | 60202064 
[2022-11-06 21:35:37] registerCourse       | 60202064 
[2022-11-06 21:35:37] decipherToken        | 60202064 
[2022-11-06 21:35:37] decipherToken        | 60202064 
[2022-11-06 21:35:37] decipherToken        | 60202064 
[2022-11-06 21:35:37] decipherToken        | 60202064 
[2022-11-06 21:35:37] decipherToken        | 60202064 
[2022-11-06 21:35:37] decipherToken        | 60202064 
[2022-11-06 21:39:42] login                | null 
[2022-11-06 21:39:42] createToken          | 60202064 
[2022-11-06 21:39:42] decipherToken        | 60202064 
[2022-11-06 21:39:42] decipherToken        | 60202064 
[2022-11-06 21:39:44] decipherToken        | 60202064 
[2022-11-06 21:39:44] decipherToken        | 60202064 
[2022-11-06 21:39:44] getAllCourseData     | 60202064 
[2022-11-06 21:39:44] decipherToken        | 60202064 
[2022-11-06 21:39:44] decipherToken        | 60202064 
[2022-11-06 21:39:45] decipherToken        | 60202064 
[2022-11-06 21:39:45] registerCourse       | 60202064 
[2022-11-06 21:39:45] decipherToken        | 60202064 
[2022-11-06 21:39:45] decipherToken        | 60202064 
[2022-11-06 21:39:45] decipherToken        | 60202064 
[2022-11-06 21:39:45] decipherToken        | 60202064 
[2022-11-06 21:39:45] decipherToken        | 60202064 
[2022-11-06 21:39:45] decipherToken        | 60202064 
[2022-11-06 21:39:51] decipherToken        | 60202064 
[2022-11-06 21:39:54] decipherToken        | 60202064 
[2022-11-06 21:39:54] decipherToken        | 60202064 
[2022-11-06 21:39:54] getAllCourseData     | 60202064 
[2022-11-06 21:39:54] decipherToken        | 60202064 
[2022-11-06 21:39:54] decipherToken        | 60202064 
[2022-11-06 21:39:55] decipherToken        | 60202064 
[2022-11-06 21:39:55] registerCourse       | 60202064 
[2022-11-06 21:39:55] decipherToken        | 60202064 
[2022-11-06 21:39:55] decipherToken        | 60202064 
[2022-11-06 21:39:55] decipherToken        | 60202064 
[2022-11-06 21:39:55] decipherToken        | 60202064 
[2022-11-06 21:39:55] decipherToken        | 60202064 
[2022-11-06 21:39:55] decipherToken        | 60202064 
[2022-11-06 21:40:36] login                | null 
[2022-11-06 21:40:36] createToken          | 60202064 
[2022-11-06 21:40:36] decipherToken        | 60202064 
[2022-11-06 21:40:36] decipherToken        | 60202064 
[2022-11-06 21:40:38] decipherToken        | 60202064 
[2022-11-06 21:40:38] decipherToken        | 60202064 
[2022-11-06 21:40:38] getAllCourseData     | 60202064 
[2022-11-06 21:40:38] decipherToken        | 60202064 
[2022-11-06 21:40:38] decipherToken        | 60202064 
[2022-11-06 21:40:41] decipherToken        | 60202064 
[2022-11-06 21:40:41] registerCourse       | 60202064 
[2022-11-06 21:40:41] decipherToken        | 60202064 
[2022-11-06 21:40:41] decipherToken        | 60202064 
[2022-11-06 21:40:41] decipherToken        | 60202064 
[2022-11-06 21:40:41] decipherToken        | 60202064 
[2022-11-06 21:40:41] decipherToken        | 60202064 
[2022-11-06 21:40:41] decipherToken        | 60202064 
[2022-11-06 21:41:02] decipherToken        | 60202064 
[2022-11-06 21:41:02] decipherToken        | 60202064 
[2022-11-06 21:41:02] getAllCourseData     | 60202064 
[2022-11-06 21:41:02] decipherToken        | 60202064 
[2022-11-06 21:41:02] decipherToken        | 60202064 
[2022-11-06 21:41:05] decipherToken        | 60202064 
[2022-11-06 21:41:05] registerCourse       | 60202064 
[2022-11-06 21:41:05] decipherToken        | 60202064 
[2022-11-06 21:41:05] decipherToken        | 60202064 
[2022-11-06 21:41:05] decipherToken        | 60202064 
[2022-11-06 21:41:38] decipherToken        | 60202064 
[2022-11-06 21:41:38] decipherToken        | 60202064 
[2022-11-06 21:41:38] getAllCourseData     | 60202064 
[2022-11-06 21:41:38] decipherToken        | 60202064 
[2022-11-06 21:41:38] decipherToken        | 60202064 
[2022-11-06 21:41:45] decipherToken        | 60202064 
[2022-11-06 21:41:45] registerCourse       | 60202064 
[2022-11-06 21:41:45] decipherToken        | 60202064 
[2022-11-06 21:41:45] decipherToken        | 60202064 
[2022-11-06 21:41:45] decipherToken        | 60202064 
[2022-11-06 21:41:45] decipherToken        | 60202064 
[2022-11-06 21:41:45] decipherToken        | 60202064 
[2022-11-06 21:41:45] decipherToken        | 60202064 
[2022-11-06 21:48:30] login                | null 
[2022-11-06 21:48:30] createToken          | 60202064 
[2022-11-06 21:48:30] decipherToken        | 60202064 
[2022-11-06 21:48:30] decipherToken        | 60202064 
[2022-11-06 21:48:32] decipherToken        | 60202064 
[2022-11-06 21:48:32] getAllRegistrationData | 60202064 
[2022-11-06 21:48:32] decipherToken        | 60202064 
[2022-11-06 21:48:32] decipherToken        | 60202064 
[2022-11-06 21:48:32] decipherToken        | 60202064 
[2022-11-06 21:48:35] decipherToken        | 60202064 
[2022-11-06 21:48:35] decipherToken        | 60202064 
[2022-11-06 21:48:35] getAllCourseData     | 60202064 
[2022-11-06 21:48:35] decipherToken        | 60202064 
[2022-11-06 21:48:35] decipherToken        | 60202064 
[2022-11-06 21:48:36] decipherToken        | 60202064 
[2022-11-06 21:48:36] registerCourse       | 60202064 
[2022-11-06 21:48:36] decipherToken        | 60202064 
[2022-11-06 21:48:36] decipherToken        | 60202064 
[2022-11-06 21:48:36] decipherToken        | 60202064 
[2022-11-06 21:48:36] decipherToken        | 60202064 
[2022-11-06 21:48:36] decipherToken        | 60202064 
[2022-11-06 21:48:36] decipherToken        | 60202064 
[2022-11-06 21:49:31] login                | null 
[2022-11-06 21:49:31] createToken          | 60202064 
[2022-11-06 21:49:31] decipherToken        | 60202064 
[2022-11-06 21:49:31] decipherToken        | 60202064 
[2022-11-06 21:49:34] decipherToken        | 60202064 
[2022-11-06 21:49:34] decipherToken        | 60202064 
[2022-11-06 21:49:34] getAllCourseData     | 60202064 
[2022-11-06 21:49:34] decipherToken        | 60202064 
[2022-11-06 21:49:34] decipherToken        | 60202064 
[2022-11-06 21:49:39] decipherToken        | 60202064 
[2022-11-06 21:49:39] registerCourse       | 60202064 
[2022-11-06 21:49:39] decipherToken        | 60202064 
[2022-11-06 21:49:39] decipherToken        | 60202064 
[2022-11-06 21:49:39] decipherToken        | 60202064 
[2022-11-06 21:49:39] decipherToken        | 60202064 
[2022-11-06 21:49:39] decipherToken        | 60202064 
[2022-11-06 21:49:39] decipherToken        | 60202064 
[2022-11-06 22:13:49] login                | null 
[2022-11-06 22:13:49] createToken          | 60202064 
[2022-11-06 22:13:49] decipherToken        | 60202064 
[2022-11-06 22:13:49] decipherToken        | 60202064 
[2022-11-06 22:13:56] decipherToken        | 60202064 
[2022-11-06 22:13:56] decipherToken        | 60202064 
[2022-11-06 22:13:56] getAllCourseData     | 60202064 
[2022-11-06 22:13:56] decipherToken        | 60202064 
[2022-11-06 22:13:56] decipherToken        | 60202064 
[2022-11-06 22:13:59] decipherToken        | 60202064 
[2022-11-06 22:13:59] registerCourse       | 60202064 
[2022-11-06 22:13:59] decipherToken        | 60202064 
[2022-11-06 22:13:59] decipherToken        | 60202064 
[2022-11-06 22:13:59] decipherToken        | 60202064 
[2022-11-06 22:13:59] decipherToken        | 60202064 
[2022-11-06 22:13:59] decipherToken        | 60202064 
[2022-11-06 22:13:59] decipherToken        | 60202064 
[2022-11-06 22:14:43] login                | null 
[2022-11-06 22:14:43] createToken          | 60202064 
[2022-11-06 22:14:44] decipherToken        | 60202064 
[2022-11-06 22:14:44] decipherToken        | 60202064 
[2022-11-06 22:14:45] decipherToken        | 60202064 
[2022-11-06 22:14:45] decipherToken        | 60202064 
[2022-11-06 22:14:45] getAllCourseData     | 60202064 
[2022-11-06 22:14:45] decipherToken        | 60202064 
[2022-11-06 22:14:45] decipherToken        | 60202064 
[2022-11-06 22:14:47] decipherToken        | 60202064 
[2022-11-06 22:14:47] registerCourse       | 60202064 
[2022-11-06 22:14:47] decipherToken        | 60202064 
[2022-11-06 22:14:47] decipherToken        | 60202064 
[2022-11-06 22:14:47] decipherToken        | 60202064 
[2022-11-06 22:14:47] decipherToken        | 60202064 
[2022-11-06 22:14:47] decipherToken        | 60202064 
[2022-11-06 22:14:47] decipherToken        | 60202064 
[2022-11-06 22:15:52] login                | null 
[2022-11-06 22:15:52] createToken          | 60202064 
[2022-11-06 22:15:52] decipherToken        | 60202064 
[2022-11-06 22:15:52] decipherToken        | 60202064 
[2022-11-06 22:15:54] decipherToken        | 60202064 
[2022-11-06 22:15:54] decipherToken        | 60202064 
[2022-11-06 22:15:54] getAllCourseData     | 60202064 
[2022-11-06 22:15:54] decipherToken        | 60202064 
[2022-11-06 22:15:54] decipherToken        | 60202064 
[2022-11-06 22:15:56] decipherToken        | 60202064 
[2022-11-06 22:15:56] registerCourse       | 60202064 
[2022-11-06 22:15:56] decipherToken        | 60202064 
[2022-11-06 22:15:56] decipherToken        | 60202064 
[2022-11-06 22:15:56] decipherToken        | 60202064 
[2022-11-06 22:15:56] decipherToken        | 60202064 
[2022-11-06 22:15:56] decipherToken        | 60202064 
[2022-11-06 22:15:56] decipherToken        | 60202064 
[2022-11-06 22:16:39] login                | null 
[2022-11-06 22:16:39] createToken          | 60202064 
[2022-11-06 22:16:40] decipherToken        | 60202064 
[2022-11-06 22:16:40] decipherToken        | 60202064 
[2022-11-06 22:16:42] decipherToken        | 60202064 
[2022-11-06 22:16:42] decipherToken        | 60202064 
[2022-11-06 22:16:42] getAllCourseData     | 60202064 
[2022-11-06 22:16:42] decipherToken        | 60202064 
[2022-11-06 22:16:42] decipherToken        | 60202064 
[2022-11-06 22:16:45] decipherToken        | 60202064 
[2022-11-06 22:16:45] registerCourse       | 60202064 
[2022-11-06 22:16:45] decipherToken        | 60202064 
[2022-11-06 22:16:45] decipherToken        | 60202064 
[2022-11-06 22:16:45] decipherToken        | 60202064 
[2022-11-06 22:16:45] decipherToken        | 60202064 
[2022-11-06 22:16:45] decipherToken        | 60202064 
[2022-11-06 22:16:45] decipherToken        | 60202064 
[2022-11-06 22:17:59] login                | null 
[2022-11-06 22:17:59] createToken          | 60202064 
[2022-11-06 22:17:59] decipherToken        | 60202064 
[2022-11-06 22:17:59] decipherToken        | 60202064 
[2022-11-06 22:18:01] decipherToken        | 60202064 
[2022-11-06 22:18:01] decipherToken        | 60202064 
[2022-11-06 22:18:01] getAllCourseData     | 60202064 
[2022-11-06 22:18:02] decipherToken        | 60202064 
[2022-11-06 22:18:02] decipherToken        | 60202064 
[2022-11-06 22:18:04] decipherToken        | 60202064 
[2022-11-06 22:18:04] registerCourse       | 60202064 
[2022-11-06 22:18:04] decipherToken        | 60202064 
[2022-11-06 22:18:04] decipherToken        | 60202064 
[2022-11-06 22:18:04] decipherToken        | 60202064 
[2022-11-06 22:18:04] decipherToken        | 60202064 
[2022-11-06 22:18:04] decipherToken        | 60202064 
[2022-11-06 22:18:04] decipherToken        | 60202064 
[2022-11-06 22:19:55] login                | null 
[2022-11-06 22:19:55] createToken          | 60202064 
[2022-11-06 22:19:55] decipherToken        | 60202064 
[2022-11-06 22:19:55] decipherToken        | 60202064 
[2022-11-06 22:19:57] decipherToken        | 60202064 
[2022-11-06 22:19:57] decipherToken        | 60202064 
[2022-11-06 22:19:57] getAllCourseData     | 60202064 
[2022-11-06 22:19:57] decipherToken        | 60202064 
[2022-11-06 22:19:57] decipherToken        | 60202064 
[2022-11-06 22:19:59] decipherToken        | 60202064 
[2022-11-06 22:19:59] registerCourse       | 60202064 
[2022-11-06 22:19:59] decipherToken        | 60202064 
[2022-11-06 22:19:59] decipherToken        | 60202064 
[2022-11-06 22:19:59] decipherToken        | 60202064 
[2022-11-06 22:19:59] decipherToken        | 60202064 
[2022-11-06 22:19:59] decipherToken        | 60202064 
[2022-11-06 22:19:59] decipherToken        | 60202064 
[2022-11-06 22:21:21] login                | null 
[2022-11-06 22:21:21] createToken          | 60202064 
[2022-11-06 22:21:21] decipherToken        | 60202064 
[2022-11-06 22:21:21] decipherToken        | 60202064 
[2022-11-06 22:21:23] decipherToken        | 60202064 
[2022-11-06 22:21:23] decipherToken        | 60202064 
[2022-11-06 22:21:23] getAllCourseData     | 60202064 
[2022-11-06 22:21:23] decipherToken        | 60202064 
[2022-11-06 22:21:23] decipherToken        | 60202064 
[2022-11-06 22:21:27] decipherToken        | 60202064 
[2022-11-06 22:21:27] registerCourse       | 60202064 
[2022-11-06 22:21:27] decipherToken        | 60202064 
[2022-11-06 22:21:27] decipherToken        | 60202064 
[2022-11-06 22:21:27] decipherToken        | 60202064 
[2022-11-06 22:21:27] decipherToken        | 60202064 
[2022-11-06 22:21:27] decipherToken        | 60202064 
[2022-11-06 22:21:27] decipherToken        | 60202064 
[2022-11-06 22:26:09] login                | null 
[2022-11-06 22:26:09] createToken          | 60202064 
[2022-11-06 22:26:09] decipherToken        | 60202064 
[2022-11-06 22:26:09] decipherToken        | 60202064 
[2022-11-06 22:26:11] decipherToken        | 60202064 
[2022-11-06 22:26:11] getAllRegistrationData | 60202064 
[2022-11-06 22:26:11] decipherToken        | 60202064 
[2022-11-06 22:26:11] decipherToken        | 60202064 
[2022-11-06 22:26:11] decipherToken        | 60202064 
