[2022-11-05 22:29:54] findStudent          | null 
[2022-11-05 22:29:54] findStudentPassword  | null 
[2022-11-05 22:29:56] getAllStudentData    | 60202064 
[2022-11-05 22:30:01] findStudent          | 60202064 
[2022-11-05 22:30:01] deleteStudent        | 60202064 
[2022-11-05 22:30:07] getAllCourseData     | 60202064 
[2022-11-06 00:11:24] findStudent          | null 
[2022-11-06 00:11:24] findStudentPassword  | null 
[2022-11-06 00:11:24] findStudentPassword  | null 
[2022-11-06 00:11:26] getAllStudentData    | 60202064 
[2022-11-06 00:12:00] findStudent          | 60202064 
[2022-11-06 00:12:00] findStudentPassword  | 60202064 
[2022-11-06 00:14:01] findStudent          | 60202064 
[2022-11-06 00:14:01] findStudentPassword  | 60202064 
[2022-11-06 00:15:21] findStudent          | 60202064 
[2022-11-06 00:15:21] findStudentPassword  | 60202064 
[2022-11-06 00:16:00] findStudent          | 60202064 
[2022-11-06 00:16:00] findStudentPassword  | 60202064 
[2022-11-06 00:16:29] findStudent          | null 
[2022-11-06 00:16:33] findStudent          | null 
[2022-11-06 00:16:33] findStudentPassword  | null 
[2022-11-06 00:41:15] findStudent          | null 
[2022-11-06 00:41:16] findStudentPassword  | null 
[2022-11-06 00:41:37] findStudent          | 60202064 
[2022-11-06 00:41:37] findStudentPassword  | 60202064 
[2022-11-06 00:41:54] findStudent          | 60202064 
[2022-11-06 00:41:54] findStudentPassword  | 60202064 
[2022-11-06 00:41:56] getAllStudentData    | 20100123 
[2022-11-06 00:42:00] getAllCourseData     | 20100123 
[2022-11-06 00:42:05] getAllCourseData     | 20100123 
[2022-11-06 00:45:03] findStudent          | null 
[2022-11-06 00:45:05] findStudent          | null 
[2022-11-06 00:45:05] findStudentPassword  | null 
[2022-11-06 00:45:46] findStudent          | null 
[2022-11-06 00:45:46] findStudentPassword  | null 
[2022-11-06 00:45:49] findStudent          | null 
[2022-11-06 00:45:49] findStudentPassword  | null 
[2022-11-06 00:57:21] findStudent          | 60202064 
[2022-11-06 00:57:21] findStudentPassword  | 60202064 
[2022-11-06 00:57:21] getAllStudentData    | 60202064 
[2022-11-06 01:17:42] findStudent          | null 
[2022-11-06 01:17:42] findStudentPassword  | null 
[2022-11-06 01:17:47] findStudent          | null 
[2022-11-06 01:17:47] findStudentPassword  | null 
[2022-11-06 01:17:48] getAllStudentData    | 60202064 
[2022-11-06 01:24:28] findStudent          | null 
[2022-11-06 01:24:28] findStudentPassword  | null 
[2022-11-06 01:24:29] getAllStudentData    | 60202064 
[2022-11-06 01:24:34] addStudent           | 60202064 
[2022-11-06 01:24:36] getAllStudentData    | 60202064 
[2022-11-06 01:24:39] findStudent          | 60202064 
[2022-11-06 01:24:39] deleteStudent        | 60202064 
[2022-11-06 01:24:40] getAllStudentData    | 60202064 
[2022-11-06 01:24:42] getAllCourseData     | 60202064 
[2022-11-06 01:24:45] getAllRegistrationData | 60202064 
[2022-11-06 01:24:49] getAllCourseData     | 60202064 
[2022-11-06 01:24:52] findStudent          | 60202064 
[2022-11-06 01:24:52] findCourse           | 60202064 
[2022-11-06 01:24:52] findRegisterCourse   | 60202064 
[2022-11-06 01:24:52] findCompletedCourse  | 60202064 
[2022-11-06 01:24:52] findAdvancedCourse   | 60202064 
[2022-11-06 01:24:59] getAllCourseData     | 60202064 
[2022-11-06 01:25:02] findStudent          | 60202064 
[2022-11-06 01:25:02] findCourse           | 60202064 
[2022-11-06 01:25:02] findRegisterCourse   | 60202064 
[2022-11-06 01:25:02] findCompletedCourse  | 60202064 
[2022-11-06 01:25:02] findAdvancedCourse   | 60202064 
[2022-11-06 01:53:14] findStudent          | null 
[2022-11-06 01:53:14] findStudentPassword  | null 
[2022-11-06 01:53:19] findStudent          | null 
[2022-11-06 01:53:19] findStudentPassword  | null 
[2022-11-06 01:55:00] findStudent          | null 
[2022-11-06 01:55:00] findStudentPassword  | null 
[2022-11-06 01:55:05] findStudent          | null 
[2022-11-06 01:55:05] findStudentPassword  | null 
[2022-11-06 01:55:06] getAllStudentData    | 20100123 
[2022-11-06 01:55:08] getAllCourseData     | 20100123 
[2022-11-06 01:55:14] addStudent           | 20100123 
[2022-11-06 01:55:18] getAllCourseData     | 20100123 
[2022-11-06 01:55:18] findStudent          | 20100123 
[2022-11-06 01:55:18] findCourse           | 20100123 
[2022-11-06 01:55:18] getAllStudentData    | 20100123 
[2022-11-06 01:55:23] getAllCourseData     | 20100123 
[2022-11-06 01:55:30] findStudent          | 20100123 
[2022-11-06 01:55:30] findCourse           | 20100123 
[2022-11-06 01:55:30] findRegisterCourse   | 20100123 
[2022-11-06 01:55:30] findCompletedCourse  | 20100123 
[2022-11-06 01:55:30] findAdvancedCourse   | 20100123 
[2022-11-06 02:02:46] findStudent          | null 
[2022-11-06 02:02:46] findStudentPassword  | null 
[2022-11-06 02:08:27] findStudent          | null 
[2022-11-06 02:08:33] findStudent          | null 
[2022-11-06 02:08:33] findStudentPassword  | null 
[2022-11-06 02:25:33] findStudent          | null 
[2022-11-06 02:26:11] findStudent          | null 
[2022-11-06 02:26:15] findStudent          | null 
[2022-11-06 02:26:15] findStudentPassword  | null 
[2022-11-06 02:26:57] findStudent          | null 
[2022-11-06 02:26:57] findStudentPassword  | null 
[2022-11-06 02:27:00] findStudent          | null 
[2022-11-06 02:27:03] findStudent          | null 
[2022-11-06 02:27:06] findStudent          | null 
[2022-11-06 02:27:06] findStudentPassword  | null 
[2022-11-06 02:27:08] findStudent          | null 
[2022-11-06 02:27:08] findStudentPassword  | null 
[2022-11-06 04:19:06] findStudent          | null 
[2022-11-06 04:19:06] findStudentPassword  | null 
[2022-11-06 04:19:19] findStudent          | null 
[2022-11-06 04:19:19] findStudentPassword  | null 
[2022-11-06 04:19:20] findStudent          | null 
[2022-11-06 04:19:20] findStudentPassword  | null 
[2022-11-06 04:19:55] findStudent          | null 
[2022-11-06 04:19:55] findStudentPassword  | null 
[2022-11-06 04:20:28] findStudent          | null 
[2022-11-06 04:20:28] findStudentPassword  | null 
[2022-11-06 04:20:29] getAllStudentData    | 60202064 
[2022-11-06 04:20:33] findStudent          | 60202064 
[2022-11-06 04:23:24] findStudent          | null 
[2022-11-06 04:23:24] findStudentPassword  | null 
[2022-11-06 04:23:25] getAllStudentData    | 60202064 
[2022-11-06 04:23:30] getAllCourseData     | 60202064 
[2022-11-06 04:23:33] findRegisterCourse   | 60202064 
[2022-11-06 04:24:10] findStudent          | null 
[2022-11-06 04:24:10] findStudentPassword  | null 
[2022-11-06 04:24:12] findRegisterCourse   | 60202064 
[2022-11-06 04:24:46] findStudent          | null 
[2022-11-06 04:24:46] findStudentPassword  | null 
[2022-11-06 04:24:48] findRegisterCourse   | 60202064 
[2022-11-06 04:25:27] findStudent          | null 
[2022-11-06 04:25:27] findStudentPassword  | null 
[2022-11-06 04:25:28] findRegisterCourse   | 20100123 
[2022-11-06 17:10:08] findStudent          | null 
[2022-11-06 17:10:08] findStudentPassword  | null 
[2022-11-06 17:10:15] findStudent          | null 
[2022-11-06 17:10:18] findStudent          | null 
[2022-11-06 17:10:18] findStudentPassword  | null 
[2022-11-06 17:10:20] getAllStudentData    | 60202064 
[2022-11-06 17:12:00] findStudent          | null 
[2022-11-06 17:12:00] findStudentPassword  | null 
[2022-11-06 17:12:05] findRegisterCourse   | 60202064 
[2022-11-06 17:19:18] findStudent          | null 
[2022-11-06 17:19:18] findStudentPassword  | null 
[2022-11-06 17:19:21] getAllCourseData     | 60202064 
[2022-11-06 17:19:24] findStudent          | 60202064 
[2022-11-06 17:19:24] findCourse           | 60202064 
[2022-11-06 17:19:24] findRegisterCourse   | 60202064 
[2022-11-06 17:19:24] findCompletedCourse  | 60202064 
[2022-11-06 17:19:24] findAdvancedCourse   | 60202064 
[2022-11-06 17:19:24] registerCourse       | 60202064 
[2022-11-06 17:19:30] findRegisterCourse   | 60202064 
[2022-11-06 17:20:41] findStudent          | null 
[2022-11-06 17:20:41] findStudentPassword  | null 
[2022-11-06 17:20:44] getAllCourseData     | 60202064 
[2022-11-06 17:20:47] findStudent          | 60202064 
[2022-11-06 17:20:47] findCourse           | 60202064 
[2022-11-06 17:20:47] findRegisterCourse   | 60202064 
[2022-11-06 17:20:47] findCompletedCourse  | 60202064 
[2022-11-06 17:20:47] findAdvancedCourse   | 60202064 
[2022-11-06 17:20:48] registerCourse       | 60202064 
[2022-11-06 17:20:50] findRegisterCourse   | 60202064 
[2022-11-06 17:24:11] findStudent          | null 
[2022-11-06 17:24:16] findStudent          | null 
[2022-11-06 17:24:16] findStudentPassword  | null 
[2022-11-06 17:24:18] findRegisterCourse   | 60202064 
[2022-11-06 17:24:20] getAllCourseData     | 60202064 
[2022-11-06 17:24:23] findStudent          | 60202064 
[2022-11-06 17:24:23] findCourse           | 60202064 
[2022-11-06 17:24:23] findRegisterCourse   | 60202064 
[2022-11-06 17:24:23] findCompletedCourse  | 60202064 
[2022-11-06 17:24:23] findAdvancedCourse   | 60202064 
[2022-11-06 17:24:23] registerCourse       | 60202064 
[2022-11-06 17:24:28] findRegisterCourse   | 60202064 
[2022-11-06 17:26:39] findStudent          | null 
[2022-11-06 17:26:39] findStudentPassword  | null 
[2022-11-06 17:26:43] findStudent          | null 
[2022-11-06 17:26:43] findStudentPassword  | null 
[2022-11-06 17:26:47] getAllCourseData     | 60202064 
[2022-11-06 17:26:49] findStudent          | 60202064 
[2022-11-06 17:26:49] findCourse           | 60202064 
[2022-11-06 17:26:49] findRegisterCourse   | 60202064 
[2022-11-06 17:26:49] findCompletedCourse  | 60202064 
[2022-11-06 17:26:49] findAdvancedCourse   | 60202064 
[2022-11-06 17:33:54] findStudent          | null 
[2022-11-06 17:33:54] findStudentPassword  | null 
[2022-11-06 17:34:01] getAllCourseData     | 60202064 
[2022-11-06 17:34:03] findStudent          | 60202064 
[2022-11-06 17:34:03] findCourse           | 60202064 
[2022-11-06 17:34:04] findRegisterCourse   | 60202064 
[2022-11-06 17:34:04] findCompletedCourse  | 60202064 
[2022-11-06 17:34:04] findAdvancedCourse   | 60202064 
[2022-11-06 17:34:04] registerCourse       | 60202064 
[2022-11-06 17:34:06] findRegisterCourse   | 60202064 
[2022-11-06 17:36:02] findStudent          | null 
[2022-11-06 17:36:02] findStudentPassword  | null 
[2022-11-06 17:36:08] getAllCourseData     | 60202064 
[2022-11-06 17:36:12] findStudent          | 60202064 
[2022-11-06 17:36:12] findCourse           | 60202064 
[2022-11-06 17:36:12] findRegisterCourse   | 60202064 
[2022-11-06 17:36:12] findCompletedCourse  | 60202064 
[2022-11-06 17:36:12] findAdvancedCourse   | 60202064 
[2022-11-06 17:36:35] getAllCourseData     | 60202064 
[2022-11-06 17:36:39] findStudent          | 60202064 
[2022-11-06 17:36:39] findCourse           | 60202064 
[2022-11-06 17:36:39] findRegisterCourse   | 60202064 
[2022-11-06 17:36:39] findCompletedCourse  | 60202064 
[2022-11-06 17:36:39] findAdvancedCourse   | 60202064 
[2022-11-06 17:36:39] registerCourse       | 60202064 
[2022-11-06 17:36:42] findRegisterCourse   | 60202064 
[2022-11-06 17:41:07] findStudent          | null 
[2022-11-06 17:41:07] findStudentPassword  | null 
[2022-11-06 17:41:09] findRegisterCourse   | 60202064 
[2022-11-06 19:42:57] findStudent          | null 
[2022-11-06 19:42:57] findStudentPassword  | null 
[2022-11-06 19:42:59] getAllStudentData    | 60202064 
[2022-11-06 19:43:08] findStudent          | 60202064 
[2022-11-06 19:43:08] deleteStudent        | 60202064 
[2022-11-06 19:43:11] getAllStudentData    | 60202064 
[2022-11-06 19:54:12] findStudent          | 60202064 
[2022-11-06 19:54:12] addStudent           | 60202064 
[2022-11-06 19:54:16] getAllStudentData    | 60202064 
[2022-11-06 19:55:02] findStudent          | 60202064 
[2022-11-06 20:49:37] findStudent          | null 
[2022-11-06 20:49:37] findStudentPassword  | null 
[2022-11-06 20:49:46] findStudent          | 60202064 
[2022-11-06 20:50:07] findStudent          | 60202064 
[2022-11-06 20:50:08] deleteStudent        | 60202064 
[2022-11-06 20:58:21] getAllCourseData     | 60202064 
[2022-11-06 21:02:31] findCourse           | 60202064 
[2022-11-06 21:02:31] addCourse            | 60202064 
[2022-11-06 21:02:54] findCourse           | 60202064 
[2022-11-06 21:08:06] findCourse           | 60202064 
[2022-11-06 21:08:06] deleteCourse         | 60202064 
[2022-11-06 21:08:14] findCourse           | 60202064 
[2022-11-06 21:29:09] getAllCourseData     | 60202064 
[2022-11-06 21:29:14] findStudent          | 60202064 
[2022-11-06 21:29:14] findCourse           | 60202064 
[2022-11-06 21:29:14] findRegisterCourse   | 60202064 
[2022-11-06 21:29:14] findCompletedCourse  | 60202064 
[2022-11-06 21:29:14] findAdvancedCourse   | 60202064 
[2022-11-06 21:29:14] registerCourse       | 60202064 
[2022-11-06 21:29:17] findRegisterCourse   | 60202064 
[2022-11-06 21:35:20] findStudent          | null 
[2022-11-06 21:35:20] findStudentPassword  | null 
[2022-11-06 21:35:23] getAllCourseData     | 60202064 
[2022-11-06 21:35:30] findStudent          | 60202064 
[2022-11-06 21:35:30] findCourse           | 60202064 
[2022-11-06 21:35:30] findRegisterCourse   | 60202064 
[2022-11-06 21:35:30] findCompletedCourse  | 60202064 
[2022-11-06 21:35:30] findAdvancedCourse   | 60202064 
[2022-11-06 21:35:30] registerCourse       | 60202064 
[2022-11-06 21:35:35] getAllCourseData     | 60202064 
[2022-11-06 21:35:37] findStudent          | 60202064 
[2022-11-06 21:35:37] findCourse           | 60202064 
[2022-11-06 21:35:37] findRegisterCourse   | 60202064 
[2022-11-06 21:35:37] findCompletedCourse  | 60202064 
[2022-11-06 21:35:37] findAdvancedCourse   | 60202064 
[2022-11-06 21:35:37] registerCourse       | 60202064 
[2022-11-06 21:39:42] findStudent          | null 
[2022-11-06 21:39:42] findStudentPassword  | null 
[2022-11-06 21:39:44] getAllCourseData     | 60202064 
[2022-11-06 21:39:45] findStudent          | 60202064 
[2022-11-06 21:39:45] findCourse           | 60202064 
[2022-11-06 21:39:45] findRegisterCourse   | 60202064 
[2022-11-06 21:39:45] findCompletedCourse  | 60202064 
[2022-11-06 21:39:45] findAdvancedCourse   | 60202064 
[2022-11-06 21:39:45] registerCourse       | 60202064 
[2022-11-06 21:39:54] getAllCourseData     | 60202064 
[2022-11-06 21:39:55] findStudent          | 60202064 
[2022-11-06 21:39:55] findCourse           | 60202064 
[2022-11-06 21:39:55] findRegisterCourse   | 60202064 
[2022-11-06 21:39:55] findCompletedCourse  | 60202064 
[2022-11-06 21:39:55] findAdvancedCourse   | 60202064 
[2022-11-06 21:39:55] registerCourse       | 60202064 
[2022-11-06 21:40:36] findStudent          | null 
[2022-11-06 21:40:36] findStudentPassword  | null 
[2022-11-06 21:40:38] getAllCourseData     | 60202064 
[2022-11-06 21:40:41] findStudent          | 60202064 
[2022-11-06 21:40:41] findCourse           | 60202064 
[2022-11-06 21:40:41] findRegisterCourse   | 60202064 
[2022-11-06 21:40:41] findCompletedCourse  | 60202064 
[2022-11-06 21:40:41] findAdvancedCourse   | 60202064 
[2022-11-06 21:41:02] getAllCourseData     | 60202064 
[2022-11-06 21:41:05] findStudent          | 60202064 
[2022-11-06 21:41:05] findCourse           | 60202064 
[2022-11-06 21:41:38] getAllCourseData     | 60202064 
[2022-11-06 21:41:45] findStudent          | 60202064 
[2022-11-06 21:41:45] findCourse           | 60202064 
[2022-11-06 21:41:45] findRegisterCourse   | 60202064 
[2022-11-06 21:41:45] findCompletedCourse  | 60202064 
[2022-11-06 21:41:45] findAdvancedCourse   | 60202064 
[2022-11-06 21:41:45] registerCourse       | 60202064 
[2022-11-06 21:48:30] findStudent          | null 
[2022-11-06 21:48:30] findStudentPassword  | null 
[2022-11-06 21:48:32] findRegisterCourse   | 60202064 
[2022-11-06 21:48:35] getAllCourseData     | 60202064 
[2022-11-06 21:48:36] findStudent          | 60202064 
[2022-11-06 21:48:36] findCourse           | 60202064 
[2022-11-06 21:48:36] findRegisterCourse   | 60202064 
[2022-11-06 21:48:36] findCompletedCourse  | 60202064 
[2022-11-06 21:48:36] findAdvancedCourse   | 60202064 
[2022-11-06 21:48:36] registerCourse       | 60202064 
[2022-11-06 21:49:31] findStudent          | null 
[2022-11-06 21:49:31] findStudentPassword  | null 
[2022-11-06 21:49:34] getAllCourseData     | 60202064 
[2022-11-06 21:49:39] findStudent          | 60202064 
[2022-11-06 21:49:39] findCourse           | 60202064 
[2022-11-06 21:49:39] findRegisterCourse   | 60202064 
[2022-11-06 21:49:39] findCompletedCourse  | 60202064 
[2022-11-06 21:49:39] findAdvancedCourse   | 60202064 
[2022-11-06 22:13:49] findStudent          | null 
[2022-11-06 22:13:49] findStudentPassword  | null 
[2022-11-06 22:13:56] getAllCourseData     | 60202064 
[2022-11-06 22:13:59] findStudent          | 60202064 
[2022-11-06 22:13:59] findCourse           | 60202064 
[2022-11-06 22:13:59] findRegisterCourse   | 60202064 
[2022-11-06 22:13:59] findCompletedCourse  | 60202064 
[2022-11-06 22:13:59] findAdvancedCourse   | 60202064 
[2022-11-06 22:13:59] registerCourse       | 60202064 
[2022-11-06 22:14:43] findStudent          | null 
[2022-11-06 22:14:43] findStudentPassword  | null 
[2022-11-06 22:14:45] getAllCourseData     | 60202064 
[2022-11-06 22:14:47] findStudent          | 60202064 
[2022-11-06 22:14:47] findCourse           | 60202064 
[2022-11-06 22:14:47] findRegisterCourse   | 60202064 
[2022-11-06 22:14:47] findCompletedCourse  | 60202064 
[2022-11-06 22:14:47] findAdvancedCourse   | 60202064 
[2022-11-06 22:14:47] registerCourse       | 60202064 
[2022-11-06 22:15:52] findStudent          | null 
[2022-11-06 22:15:52] findStudentPassword  | null 
[2022-11-06 22:15:54] getAllCourseData     | 60202064 
[2022-11-06 22:15:56] findStudent          | 60202064 
[2022-11-06 22:15:56] findCourse           | 60202064 
[2022-11-06 22:15:56] findRegisterCourse   | 60202064 
[2022-11-06 22:15:56] findCompletedCourse  | 60202064 
[2022-11-06 22:15:56] findAdvancedCourse   | 60202064 
[2022-11-06 22:15:56] registerCourse       | 60202064 
[2022-11-06 22:16:39] findStudent          | null 
[2022-11-06 22:16:39] findStudentPassword  | null 
[2022-11-06 22:16:42] getAllCourseData     | 60202064 
[2022-11-06 22:16:45] findStudent          | 60202064 
[2022-11-06 22:16:45] findCourse           | 60202064 
[2022-11-06 22:16:45] findRegisterCourse   | 60202064 
[2022-11-06 22:16:45] findCompletedCourse  | 60202064 
[2022-11-06 22:16:45] findAdvancedCourse   | 60202064 
[2022-11-06 22:16:45] registerCourse       | 60202064 
[2022-11-06 22:17:59] findStudent          | null 
[2022-11-06 22:17:59] findStudentPassword  | null 
[2022-11-06 22:18:02] getAllCourseData     | 60202064 
[2022-11-06 22:18:04] findStudent          | 60202064 
[2022-11-06 22:18:04] findCourse           | 60202064 
[2022-11-06 22:18:04] findRegisterCourse   | 60202064 
[2022-11-06 22:18:04] findCompletedCourse  | 60202064 
[2022-11-06 22:18:04] findAdvancedCourse   | 60202064 
[2022-11-06 22:18:04] registerCourse       | 60202064 
[2022-11-06 22:19:55] findStudent          | null 
[2022-11-06 22:19:55] findStudentPassword  | null 
[2022-11-06 22:19:57] getAllCourseData     | 60202064 
[2022-11-06 22:19:59] findStudent          | 60202064 
[2022-11-06 22:19:59] findCourse           | 60202064 
[2022-11-06 22:19:59] findRegisterCourse   | 60202064 
[2022-11-06 22:19:59] findCompletedCourse  | 60202064 
[2022-11-06 22:19:59] findAdvancedCourse   | 60202064 
[2022-11-06 22:21:21] findStudent          | null 
[2022-11-06 22:21:21] findStudentPassword  | null 
[2022-11-06 22:21:23] getAllCourseData     | 60202064 
[2022-11-06 22:21:27] findStudent          | 60202064 
[2022-11-06 22:21:27] findCourse           | 60202064 
[2022-11-06 22:21:27] findRegisterCourse   | 60202064 
[2022-11-06 22:21:27] findCompletedCourse  | 60202064 
[2022-11-06 22:21:27] findAdvancedCourse   | 60202064 
[2022-11-06 22:21:27] registerCourse       | 60202064 
[2022-11-06 22:26:09] findStudent          | null 
[2022-11-06 22:26:09] findStudentPassword  | null 
[2022-11-06 22:26:11] findRegisterCourse   | 60202064 
